<?xml version="1.0" encoding="UTF-8"?>
<testsuites name="Regression Test" time="203.799" tests="5" failures="0" errors="0">
   <testsuite name="Regression Test" tests="5" failures="0" errors="0" time="203.799" skipped="0" timestamp="2022-04-13 14:21:38" hostname="HP - LAPTOP-C2QPJDTM" id="Test Suites/Bukalapak/Regression Test">
      <properties>
         <property name="deviceName" value=""/>
         <property name="devicePlatform" value=""/>
         <property name="logFolder" value="C:\\Users\\HP\\git\\bukalapak-automationTesting\\Reports\\20220413_142135\\Bukalapak\\Regression Test\\20220413_142135"/>
         <property name="logFiles" value="C:\\Users\\HP\\git\\bukalapak-automationTesting\\Reports\\20220413_142135\\Bukalapak\\Regression Test\\20220413_142135\\execution0.log"/>
         <property name="attachments" value="C:\\Users\\HP\\git\\bukalapak-automationTesting\\Reports\\20220413_142135\\Bukalapak\\Regression Test\\20220413_142135\\1649834531751.png, C:\\Users\\HP\\git\\bukalapak-automationTesting\\Reports\\20220413_142135\\Bukalapak\\Regression Test\\20220413_142135\\1649834570237.png, C:\\Users\\HP\\git\\bukalapak-automationTesting\\Reports\\20220413_142135\\Bukalapak\\Regression Test\\20220413_142135\\1649834612236.png, C:\\Users\\HP\\git\\bukalapak-automationTesting\\Reports\\20220413_142135\\Bukalapak\\Regression Test\\20220413_142135\\1649834656934.png, C:\\Users\\HP\\git\\bukalapak-automationTesting\\Reports\\20220413_142135\\Bukalapak\\Regression Test\\20220413_142135\\1649834701703.png"/>
         <property name="hostName" value="HP - LAPTOP-C2QPJDTM"/>
         <property name="os" value="Windows 10 64bit"/>
         <property name="katalonVersion" value="8.2.5.208"/>
         <property name="browser" value="Firefox 99.0"/>
         <property name="hostAddress" value="192.168.0.14"/>
         <property name="sessionId" value="8df62930-1d9f-4699-b4dd-3f449b14c542"/>
         <property name="seleniumVersion" value="3.141.59"/>
         <property name="proxyInformation" value="ProxyInformation { proxyOption=NO_PROXY, proxyServerType=HTTP, username=, password=********, proxyServerAddress=, proxyServerPort=0, executionList=&quot;&quot;, isApplyToDesiredCapabilities=true }"/>
         <property name="platform" value="Windows 10"/>
      </properties>
      <testcase name="Test Cases/Bukalapak/Login_Valid" time="33.934" classname="Test Cases/Bukalapak/Login_Valid" status="PASSED">
         <system-out><![CDATA[2022-04-13 14:21:39 - [TEST_CASE][PASSED] - Test Cases/Bukalapak/Login_Valid: Test Cases/Bukalapak/Login_Valid

2022-04-13 14:21:39 - [TEST_STEP][PASSED] - openBrowser(""): Browser is opened with url: ''

2022-04-13 14:21:39 - [MESSAGE][INFO] - Starting 'Firefox' driver

2022-04-13 14:21:39 - [MESSAGE][INFO] - Action delay is set to 0 milliseconds

2022-04-13 14:21:44 - [MESSAGE][PASSED] - Browser is opened with url: ''

2022-04-13 14:21:44 - [TEST_STEP][PASSED] - navigateToUrl("https://www.bukalapak.com/"): Navigate to 'https://www.bukalapak.com/' successfully

2022-04-13 14:21:45 - [MESSAGE][PASSED] - Navigate to 'https://www.bukalapak.com/' successfully

2022-04-13 14:21:45 - [TEST_STEP][PASSED] - click(findTestObject("Object Repository/Bukalapak/Page_Situs Belanja Online dan Jual Beli Mud_3c8940/p_Login")): Object: 'Object Repository/Bukalapak/Page_Situs Belanja Online dan Jual Beli Mud_3c8940/p_Login' is clicked on

2022-04-13 14:21:57 - [MESSAGE][PASSED] - Object: 'Object Repository/Bukalapak/Page_Situs Belanja Online dan Jual Beli Mud_3c8940/p_Login' is clicked on

2022-04-13 14:21:57 - [TEST_STEP][PASSED] - setText(findTestObject("Object Repository/Bukalapak/Page_Login ke Akun  Bukalapak/input_Nomor handphone atau email_LoginID"), "neverslun@gmail.com"): Text 'neverslun@gmail.com' is set on object 'Object Repository/Bukalapak/Page_Login ke Akun  Bukalapak/input_Nomor handphone atau email_LoginID'

2022-04-13 14:22:06 - [MESSAGE][PASSED] - Text 'neverslun@gmail.com' is set on object 'Object Repository/Bukalapak/Page_Login ke Akun  Bukalapak/input_Nomor handphone atau email_LoginID'

2022-04-13 14:22:06 - [TEST_STEP][PASSED] - click(findTestObject("Object Repository/Bukalapak/Page_Login ke Akun  Bukalapak/button_Lanjut")): Object: 'Object Repository/Bukalapak/Page_Login ke Akun  Bukalapak/button_Lanjut' is clicked on

2022-04-13 14:22:07 - [MESSAGE][PASSED] - Object: 'Object Repository/Bukalapak/Page_Login ke Akun  Bukalapak/button_Lanjut' is clicked on

2022-04-13 14:22:07 - [TEST_STEP][PASSED] - setEncryptedText(findTestObject("Object Repository/Bukalapak/Page_Login ke Akun  Bukalapak/input_Lanjut_Password"), "Vqi98T/90MOrTmlnEFsr0g=="): Text ****** has been set on object 'Object Repository/Bukalapak/Page_Login ke Akun  Bukalapak/input_Lanjut_Password'

2022-04-13 14:22:08 - [MESSAGE][PASSED] - Text ****** has been set on object 'Object Repository/Bukalapak/Page_Login ke Akun  Bukalapak/input_Lanjut_Password'

2022-04-13 14:22:08 - [TEST_STEP][PASSED] - click(findTestObject("Object Repository/Bukalapak/Page_Login ke Akun  Bukalapak/button_Login")): Object: 'Object Repository/Bukalapak/Page_Login ke Akun  Bukalapak/button_Login' is clicked on

2022-04-13 14:22:09 - [MESSAGE][PASSED] - Object: 'Object Repository/Bukalapak/Page_Login ke Akun  Bukalapak/button_Login' is clicked on

2022-04-13 14:22:09 - [TEST_STEP][PASSED] - takeScreenshot(): Taking screenshot successfully

2022-04-13 14:22:12 - [MESSAGE][PASSED] - Taking screenshot successfully
[[ATTACHMENT|C:\\Users\\HP\\git\\bukalapak-automationTesting\\Reports\\20220413_142135\\Bukalapak\\Regression Test\\20220413_142135\\1649834531751.png]]

2022-04-13 14:22:12 - [TEST_STEP][PASSED] - closeBrowser(): Browser is closed

2022-04-13 14:22:13 - [MESSAGE][PASSED] - Browser is closed]]></system-out>
         <system-err><![CDATA[]]></system-err>
      </testcase>
      <testcase name="Test Cases/Bukalapak/Login_Email_Invalid" time="38.036" classname="Test Cases/Bukalapak/Login_Email_Invalid" status="PASSED">
         <system-out><![CDATA[2022-04-13 14:22:13 - [TEST_CASE][PASSED] - Test Cases/Bukalapak/Login_Email_Invalid: Test Cases/Bukalapak/Login_Email_Invalid

2022-04-13 14:22:13 - [TEST_STEP][PASSED] - openBrowser(""): Browser is opened with url: ''

2022-04-13 14:22:13 - [MESSAGE][INFO] - Starting 'Firefox' driver

2022-04-13 14:22:13 - [MESSAGE][INFO] - Action delay is set to 0 milliseconds

2022-04-13 14:22:16 - [MESSAGE][PASSED] - Browser is opened with url: ''

2022-04-13 14:22:16 - [TEST_STEP][PASSED] - navigateToUrl("https://www.bukalapak.com/"): Navigate to 'https://www.bukalapak.com/' successfully

2022-04-13 14:22:21 - [MESSAGE][PASSED] - Navigate to 'https://www.bukalapak.com/' successfully

2022-04-13 14:22:21 - [TEST_STEP][PASSED] - click(findTestObject("Object Repository/Bukalapak/Page_Situs Belanja Online dan Jual Beli Mud_3c8940/p_Login")): Object: 'Object Repository/Bukalapak/Page_Situs Belanja Online dan Jual Beli Mud_3c8940/p_Login' is clicked on

2022-04-13 14:22:35 - [MESSAGE][PASSED] - Object: 'Object Repository/Bukalapak/Page_Situs Belanja Online dan Jual Beli Mud_3c8940/p_Login' is clicked on

2022-04-13 14:22:35 - [TEST_STEP][PASSED] - setText(findTestObject("Object Repository/Bukalapak/Page_Login ke Akun  Bukalapak/input_Nomor handphone atau email_LoginID"), "neverslun"): Text 'neverslun' is set on object 'Object Repository/Bukalapak/Page_Login ke Akun  Bukalapak/input_Nomor handphone atau email_LoginID'

2022-04-13 14:22:44 - [MESSAGE][PASSED] - Text 'neverslun' is set on object 'Object Repository/Bukalapak/Page_Login ke Akun  Bukalapak/input_Nomor handphone atau email_LoginID'

2022-04-13 14:22:44 - [TEST_STEP][PASSED] - click(findTestObject("Object Repository/Bukalapak/Page_Login ke Akun  Bukalapak/button_Lanjut")): Object: 'Object Repository/Bukalapak/Page_Login ke Akun  Bukalapak/button_Lanjut' is clicked on

2022-04-13 14:22:46 - [MESSAGE][PASSED] - Object: 'Object Repository/Bukalapak/Page_Login ke Akun  Bukalapak/button_Lanjut' is clicked on

2022-04-13 14:22:46 - [TEST_STEP][PASSED] - verifyElementText(findTestObject("Bukalapak/Notifikasi_Login/p_Akun tidak ditemukan. Periksa dan coba lagi ya"), "Akun tidak ditemukan. Periksa dan coba lagi ya."): Actual text and expected text of test object 'Object Repository/Bukalapak/Notifikasi_Login/p_Akun tidak ditemukan. Periksa dan coba lagi ya' are matched.

2022-04-13 14:22:48 - [MESSAGE][PASSED] - Actual text and expected text of test object 'Object Repository/Bukalapak/Notifikasi_Login/p_Akun tidak ditemukan. Periksa dan coba lagi ya' are matched.

2022-04-13 14:22:48 - [TEST_STEP][PASSED] - takeScreenshot(): Taking screenshot successfully

2022-04-13 14:22:50 - [MESSAGE][PASSED] - Taking screenshot successfully
[[ATTACHMENT|C:\\Users\\HP\\git\\bukalapak-automationTesting\\Reports\\20220413_142135\\Bukalapak\\Regression Test\\20220413_142135\\1649834570237.png]]

2022-04-13 14:22:50 - [TEST_STEP][PASSED] - closeBrowser(STOP_ON_FAILURE): Browser is closed

2022-04-13 14:22:51 - [MESSAGE][PASSED] - Browser is closed]]></system-out>
         <system-err><![CDATA[]]></system-err>
      </testcase>
      <testcase name="Test Cases/Bukalapak/Login_Email_Null" time="41.985" classname="Test Cases/Bukalapak/Login_Email_Null" status="PASSED">
         <system-out><![CDATA[2022-04-13 14:22:51 - [TEST_CASE][PASSED] - Test Cases/Bukalapak/Login_Email_Null: Test Cases/Bukalapak/Login_Email_Null

2022-04-13 14:22:51 - [TEST_STEP][PASSED] - openBrowser(""): Browser is opened with url: ''

2022-04-13 14:22:51 - [MESSAGE][INFO] - Starting 'Firefox' driver

2022-04-13 14:22:51 - [MESSAGE][INFO] - Action delay is set to 0 milliseconds

2022-04-13 14:22:55 - [MESSAGE][PASSED] - Browser is opened with url: ''

2022-04-13 14:22:55 - [TEST_STEP][PASSED] - navigateToUrl("https://www.bukalapak.com/"): Navigate to 'https://www.bukalapak.com/' successfully

2022-04-13 14:22:57 - [MESSAGE][PASSED] - Navigate to 'https://www.bukalapak.com/' successfully

2022-04-13 14:22:57 - [TEST_STEP][PASSED] - click(findTestObject("Object Repository/Bukalapak/Page_Situs Belanja Online dan Jual Beli Mud_3c8940/p_Login")): Object: 'Object Repository/Bukalapak/Page_Situs Belanja Online dan Jual Beli Mud_3c8940/p_Login' is clicked on

2022-04-13 14:23:18 - [MESSAGE][PASSED] - Object: 'Object Repository/Bukalapak/Page_Situs Belanja Online dan Jual Beli Mud_3c8940/p_Login' is clicked on

2022-04-13 14:23:18 - [TEST_STEP][PASSED] - setText(findTestObject("Object Repository/Bukalapak/Page_Login ke Akun  Bukalapak/input_Nomor handphone atau email_LoginID"), ""): Text '' is set on object 'Object Repository/Bukalapak/Page_Login ke Akun  Bukalapak/input_Nomor handphone atau email_LoginID'

2022-04-13 14:23:26 - [MESSAGE][PASSED] - Text '' is set on object 'Object Repository/Bukalapak/Page_Login ke Akun  Bukalapak/input_Nomor handphone atau email_LoginID'

2022-04-13 14:23:26 - [TEST_STEP][PASSED] - click(findTestObject("Object Repository/Bukalapak/Page_Login ke Akun  Bukalapak/button_Lanjut")): Object: 'Object Repository/Bukalapak/Page_Login ke Akun  Bukalapak/button_Lanjut' is clicked on

2022-04-13 14:23:28 - [MESSAGE][PASSED] - Object: 'Object Repository/Bukalapak/Page_Login ke Akun  Bukalapak/button_Lanjut' is clicked on

2022-04-13 14:23:28 - [TEST_STEP][PASSED] - verifyElementText(findTestObject("Bukalapak/Notifikasi_Login/p_Form harus diisi dulu ya"), "Form harus diisi dulu ya"): Actual text and expected text of test object 'Object Repository/Bukalapak/Notifikasi_Login/p_Form harus diisi dulu ya' are matched.

2022-04-13 14:23:30 - [MESSAGE][PASSED] - Actual text and expected text of test object 'Object Repository/Bukalapak/Notifikasi_Login/p_Form harus diisi dulu ya' are matched.

2022-04-13 14:23:30 - [TEST_STEP][PASSED] - takeScreenshot(): Taking screenshot successfully

2022-04-13 14:23:32 - [MESSAGE][PASSED] - Taking screenshot successfully
[[ATTACHMENT|C:\\Users\\HP\\git\\bukalapak-automationTesting\\Reports\\20220413_142135\\Bukalapak\\Regression Test\\20220413_142135\\1649834612236.png]]

2022-04-13 14:23:32 - [TEST_STEP][PASSED] - closeBrowser(STOP_ON_FAILURE): Browser is closed

2022-04-13 14:23:33 - [MESSAGE][PASSED] - Browser is closed]]></system-out>
         <system-err><![CDATA[]]></system-err>
      </testcase>
      <testcase name="Test Cases/Bukalapak/Login_Password_Invalid" time="44.738" classname="Test Cases/Bukalapak/Login_Password_Invalid" status="PASSED">
         <system-out><![CDATA[2022-04-13 14:23:33 - [TEST_CASE][PASSED] - Test Cases/Bukalapak/Login_Password_Invalid: Test Cases/Bukalapak/Login_Password_Invalid

2022-04-13 14:23:33 - [TEST_STEP][PASSED] - openBrowser(""): Browser is opened with url: ''

2022-04-13 14:23:33 - [MESSAGE][INFO] - Starting 'Firefox' driver

2022-04-13 14:23:33 - [MESSAGE][INFO] - Action delay is set to 0 milliseconds

2022-04-13 14:23:37 - [MESSAGE][PASSED] - Browser is opened with url: ''

2022-04-13 14:23:37 - [TEST_STEP][PASSED] - navigateToUrl("https://www.bukalapak.com/"): Navigate to 'https://www.bukalapak.com/' successfully

2022-04-13 14:23:40 - [MESSAGE][PASSED] - Navigate to 'https://www.bukalapak.com/' successfully

2022-04-13 14:23:40 - [TEST_STEP][PASSED] - click(findTestObject("Object Repository/Bukalapak/Page_Situs Belanja Online dan Jual Beli Mud_3c8940/p_Login")): Object: 'Object Repository/Bukalapak/Page_Situs Belanja Online dan Jual Beli Mud_3c8940/p_Login' is clicked on

2022-04-13 14:23:57 - [MESSAGE][PASSED] - Object: 'Object Repository/Bukalapak/Page_Situs Belanja Online dan Jual Beli Mud_3c8940/p_Login' is clicked on

2022-04-13 14:23:57 - [TEST_STEP][PASSED] - setText(findTestObject("Object Repository/Bukalapak/Page_Login ke Akun  Bukalapak/input_Nomor handphone atau email_LoginID"), "neverslun@gmail.com"): Text 'neverslun@gmail.com' is set on object 'Object Repository/Bukalapak/Page_Login ke Akun  Bukalapak/input_Nomor handphone atau email_LoginID'

2022-04-13 14:24:05 - [MESSAGE][PASSED] - Text 'neverslun@gmail.com' is set on object 'Object Repository/Bukalapak/Page_Login ke Akun  Bukalapak/input_Nomor handphone atau email_LoginID'

2022-04-13 14:24:05 - [TEST_STEP][PASSED] - click(findTestObject("Object Repository/Bukalapak/Page_Login ke Akun  Bukalapak/button_Lanjut")): Object: 'Object Repository/Bukalapak/Page_Login ke Akun  Bukalapak/button_Lanjut' is clicked on

2022-04-13 14:24:08 - [MESSAGE][PASSED] - Object: 'Object Repository/Bukalapak/Page_Login ke Akun  Bukalapak/button_Lanjut' is clicked on

2022-04-13 14:24:08 - [TEST_STEP][PASSED] - setEncryptedText(findTestObject("Object Repository/Bukalapak/Page_Login ke Akun  Bukalapak/input_Lanjut_Password"), "tzH6RvlfSTg="): Text ****** has been set on object 'Object Repository/Bukalapak/Page_Login ke Akun  Bukalapak/input_Lanjut_Password'

2022-04-13 14:24:09 - [MESSAGE][PASSED] - Text ****** has been set on object 'Object Repository/Bukalapak/Page_Login ke Akun  Bukalapak/input_Lanjut_Password'

2022-04-13 14:24:09 - [TEST_STEP][PASSED] - click(findTestObject("Object Repository/Bukalapak/Page_Login ke Akun  Bukalapak/button_Login")): Object: 'Object Repository/Bukalapak/Page_Login ke Akun  Bukalapak/button_Login' is clicked on

2022-04-13 14:24:12 - [MESSAGE][PASSED] - Object: 'Object Repository/Bukalapak/Page_Login ke Akun  Bukalapak/button_Login' is clicked on

2022-04-13 14:24:12 - [TEST_STEP][PASSED] - verifyElementText(findTestObject("Bukalapak/Notifikasi_Login/p_Password yang kamu masukkan salah. Silakan coba lagi"), "Password yang kamu masukkan salah. Silakan coba lagi."): Actual text and expected text of test object 'Object Repository/Bukalapak/Notifikasi_Login/p_Password yang kamu masukkan salah. Silakan coba lagi' are matched.

2022-04-13 14:24:14 - [MESSAGE][PASSED] - Actual text and expected text of test object 'Object Repository/Bukalapak/Notifikasi_Login/p_Password yang kamu masukkan salah. Silakan coba lagi' are matched.

2022-04-13 14:24:14 - [TEST_STEP][PASSED] - takeScreenshot(): Taking screenshot successfully

2022-04-13 14:24:16 - [MESSAGE][PASSED] - Taking screenshot successfully
[[ATTACHMENT|C:\\Users\\HP\\git\\bukalapak-automationTesting\\Reports\\20220413_142135\\Bukalapak\\Regression Test\\20220413_142135\\1649834656934.png]]

2022-04-13 14:24:16 - [TEST_STEP][PASSED] - closeBrowser(): Browser is closed

2022-04-13 14:24:17 - [MESSAGE][PASSED] - Browser is closed]]></system-out>
         <system-err><![CDATA[]]></system-err>
      </testcase>
      <testcase name="Test Cases/Bukalapak/Login_Password_Null" time="44.831" classname="Test Cases/Bukalapak/Login_Password_Null" status="PASSED">
         <system-out><![CDATA[2022-04-13 14:24:17 - [TEST_CASE][PASSED] - Test Cases/Bukalapak/Login_Password_Null: Test Cases/Bukalapak/Login_Password_Null

2022-04-13 14:24:18 - [TEST_STEP][PASSED] - openBrowser(""): Browser is opened with url: ''

2022-04-13 14:24:18 - [MESSAGE][INFO] - Starting 'Firefox' driver

2022-04-13 14:24:18 - [MESSAGE][INFO] - Action delay is set to 0 milliseconds

2022-04-13 14:24:21 - [MESSAGE][PASSED] - Browser is opened with url: ''

2022-04-13 14:24:21 - [TEST_STEP][PASSED] - navigateToUrl("https://www.bukalapak.com/"): Navigate to 'https://www.bukalapak.com/' successfully

2022-04-13 14:24:26 - [MESSAGE][PASSED] - Navigate to 'https://www.bukalapak.com/' successfully

2022-04-13 14:24:26 - [TEST_STEP][PASSED] - click(findTestObject("Object Repository/Bukalapak/Page_Situs Belanja Online dan Jual Beli Mud_3c8940/p_Login")): Object: 'Object Repository/Bukalapak/Page_Situs Belanja Online dan Jual Beli Mud_3c8940/p_Login' is clicked on

2022-04-13 14:24:42 - [MESSAGE][PASSED] - Object: 'Object Repository/Bukalapak/Page_Situs Belanja Online dan Jual Beli Mud_3c8940/p_Login' is clicked on

2022-04-13 14:24:42 - [TEST_STEP][PASSED] - setText(findTestObject("Object Repository/Bukalapak/Page_Login ke Akun  Bukalapak/input_Nomor handphone atau email_LoginID"), "neverslun@gmail.com"): Text 'neverslun@gmail.com' is set on object 'Object Repository/Bukalapak/Page_Login ke Akun  Bukalapak/input_Nomor handphone atau email_LoginID'

2022-04-13 14:24:50 - [MESSAGE][PASSED] - Text 'neverslun@gmail.com' is set on object 'Object Repository/Bukalapak/Page_Login ke Akun  Bukalapak/input_Nomor handphone atau email_LoginID'

2022-04-13 14:24:50 - [TEST_STEP][PASSED] - click(findTestObject("Object Repository/Bukalapak/Page_Login ke Akun  Bukalapak/button_Lanjut")): Object: 'Object Repository/Bukalapak/Page_Login ke Akun  Bukalapak/button_Lanjut' is clicked on

2022-04-13 14:24:53 - [MESSAGE][PASSED] - Object: 'Object Repository/Bukalapak/Page_Login ke Akun  Bukalapak/button_Lanjut' is clicked on

2022-04-13 14:24:53 - [TEST_STEP][PASSED] - setEncryptedText(findTestObject("Bukalapak/Page_Login ke Akun  Bukalapak/input_Lanjut_Password"), ""): Text ****** has been set on object 'Object Repository/Bukalapak/Page_Login ke Akun  Bukalapak/input_Lanjut_Password'

2022-04-13 14:24:54 - [MESSAGE][PASSED] - Text ****** has been set on object 'Object Repository/Bukalapak/Page_Login ke Akun  Bukalapak/input_Lanjut_Password'

2022-04-13 14:24:54 - [TEST_STEP][PASSED] - click(findTestObject("Object Repository/Bukalapak/Page_Login ke Akun  Bukalapak/button_Login")): Object: 'Object Repository/Bukalapak/Page_Login ke Akun  Bukalapak/button_Login' is clicked on

2022-04-13 14:24:57 - [MESSAGE][PASSED] - Object: 'Object Repository/Bukalapak/Page_Login ke Akun  Bukalapak/button_Login' is clicked on

2022-04-13 14:24:57 - [TEST_STEP][PASSED] - verifyElementText(findTestObject("Bukalapak/Notifikasi_Login/p_Password wajib diisi, ya"), "Password wajib diisi, ya."): Actual text and expected text of test object 'Object Repository/Bukalapak/Notifikasi_Login/p_Password wajib diisi, ya' are matched.

2022-04-13 14:24:58 - [MESSAGE][PASSED] - Actual text and expected text of test object 'Object Repository/Bukalapak/Notifikasi_Login/p_Password wajib diisi, ya' are matched.

2022-04-13 14:24:58 - [TEST_STEP][PASSED] - takeScreenshot(): Taking screenshot successfully

2022-04-13 14:25:01 - [MESSAGE][PASSED] - Taking screenshot successfully
[[ATTACHMENT|C:\\Users\\HP\\git\\bukalapak-automationTesting\\Reports\\20220413_142135\\Bukalapak\\Regression Test\\20220413_142135\\1649834701703.png]]

2022-04-13 14:25:01 - [TEST_STEP][PASSED] - closeBrowser(): Browser is closed

2022-04-13 14:25:02 - [MESSAGE][PASSED] - Browser is closed]]></system-out>
         <system-err><![CDATA[]]></system-err>
      </testcase>
      <system-out><![CDATA[2022-04-13 14:21:38 - [TEST_SUITE][PASSED] - Regression Test: Test Cases/Bukalapak/Login_Password_Null]]></system-out>
      <system-err><![CDATA[]]></system-err>
   </testsuite>
</testsuites>
